<?xml version="1.0" encoding="UTF-8"?>
<!-- Generated by org.testng.reporters.JUnitReportReporter -->
<testsuite hostname="DESKTOP-3RU6S7A" failures="0" tests="3" name="mavenTests.DemoTest1" time="0.019" errors="0" timestamp="2023-04-23T10:49:17 IST" skipped="0">
  <testcase classname="mavenTests.DemoTest1" name="div1" time="0.006"/>
  <system-out/>
  <testcase classname="mavenTests.DemoTest1" name="mul1" time="0.009"/>
  <system-out/>
  <testcase classname="mavenTests.DemoTest1" name="add1" time="0.004"/>
  <system-out/>
</testsuite> <!-- mavenTests.DemoTest1 -->
