<?xml version="1.0" encoding="UTF-8"?>
<!-- Generated by org.testng.reporters.JUnitReportReporter -->
<testsuite hostname="DESKTOP-3RU6S7A" failures="0" tests="3" name="mavenTests.DemoTest" time="0.015" errors="0" timestamp="2023-04-23T10:49:17 IST" skipped="0">
  <testcase classname="mavenTests.DemoTest" name="add" time="0.003"/>
  <system-out/>
  <testcase classname="mavenTests.DemoTest" name="mul" time="0.008"/>
  <system-out/>
  <testcase classname="mavenTests.DemoTest" name="div" time="0.004"/>
  <system-out/>
</testsuite> <!-- mavenTests.DemoTest -->
