<?xml version="1.0" encoding="UTF-8"?>
<!-- Generated by org.testng.reporters.JUnitReportReporter -->
<testsuite hostname="DESKTOP-3RU6S7A" failures="0" tests="3" name="mavenTests.DemoTest2" time="0.032" errors="0" timestamp="2023-04-23T10:49:17 IST" skipped="0">
  <testcase classname="mavenTests.DemoTest2" name="div2" time="0.004"/>
  <system-out/>
  <testcase classname="mavenTests.DemoTest2" name="add2" time="0.022"/>
  <system-out/>
  <testcase classname="mavenTests.DemoTest2" name="mul2" time="0.006"/>
  <system-out/>
</testsuite> <!-- mavenTests.DemoTest2 -->
